<?xml version="1.0" encoding="UTF-8"?>
<robot generator="Robot 7.0.1 (Python 3.13.3 on darwin)" generated="2025-05-29T12:35:52.045194" rpa="false" schemaversion="5">
<suite id="s1" name="Hello World" source="/Users/setyonugroho/Documents/Appium-DeviceFarm/robot-framework/hello_world.robot">
<test id="s1-t1" name="Simple Hello World Test" line="8">
<kw name="Log" owner="BuiltIn">
<msg time="2025-05-29T12:35:52.127916" level="INFO">Hello, Robot Framework World!</msg>
<arg>${HELLO_MESSAGE}</arg>
<arg>console=yes</arg>
<doc>Logs the given message with the given level.</doc>
<status status="PASS" start="2025-05-29T12:35:52.127819" elapsed="0.000130"/>
</kw>
<kw name="Log" owner="BuiltIn">
<msg time="2025-05-29T12:35:52.128061" level="INFO">This is a simple test to verify Robot Framework is working properly</msg>
<arg>This is a simple test to verify Robot Framework is working properly</arg>
<doc>Logs the given message with the given level.</doc>
<status status="PASS" start="2025-05-29T12:35:52.128021" elapsed="0.000057"/>
</kw>
<kw name="Should Be Equal" owner="BuiltIn">
<arg>${HELLO_MESSAGE}</arg>
<arg>Hello, Robot Framework World!</arg>
<doc>Fails if the given objects are unequal.</doc>
<status status="PASS" start="2025-05-29T12:35:52.128128" elapsed="0.000060"/>
</kw>
<doc>This test simply logs a hello world message</doc>
<status status="PASS" start="2025-05-29T12:35:52.127490" elapsed="0.000748"/>
</test>
<status status="PASS" start="2025-05-29T12:35:52.045724" elapsed="0.082657"/>
</suite>
<statistics>
<total>
<stat pass="1" fail="0" skip="0">All Tests</stat>
</total>
<tag>
</tag>
<suite>
<stat pass="1" fail="0" skip="0" id="s1" name="Hello World">Hello World</stat>
</suite>
</statistics>
<errors>
</errors>
</robot>
